<?xml version="1.0" encoding="UTF-8"?>
<robot generator="Robot 2.8.5 (Jython 2.5.3 on java1.8.0_40)" generated="20150402 16:42:05.577">
<suite source="C:\Users\adami_000\Documents\GitHub\spring-semester-project\acceptance\ArgumentParserTests.txt" name="ArgumentParserTests" id="s1">
<test name="Create Shape With Volume 70" id="s1-t1">
<kw type="kw" name="${scalar} = BuiltIn.Create List">
<doc>Returns a list containing given items.</doc>
<arguments>
<arg>7</arg>
<arg>2</arg>
<arg>5</arg>
</arguments>
<msg level="INFO" timestamp="20150402 16:42:05.889">${scalar} = [u'7', u'2', u'5']</msg>
<status endtime="20150402 16:42:05.889" starttime="20150402 16:42:05.889" status="PASS"></status>
</kw>
<kw type="kw" name="ArgumentParserKeywords.Start Program With Arguments">
<doc></doc>
<arguments>
<arg>${scalar}</arg>
</arguments>
<status endtime="20150402 16:42:05.889" starttime="20150402 16:42:05.889" status="PASS"></status>
</kw>
<kw type="kw" name="${length} = ArgumentParserKeywords.Get Length Of">
<doc></doc>
<arguments>
</arguments>
<msg level="INFO" timestamp="20150402 16:42:05.905">${length} = 7</msg>
<status endtime="20150402 16:42:05.905" starttime="20150402 16:42:05.889" status="PASS"></status>
</kw>
<kw type="kw" name="BuiltIn.Should Be Equal">
<doc>Fails if the given objects are unequal.</doc>
<arguments>
<arg>${7}</arg>
<arg>${length}</arg>
</arguments>
<msg level="INFO" timestamp="20150402 16:42:05.905">Argument types are:
&lt;type 'int'&gt;
&lt;type 'int'&gt;</msg>
<status endtime="20150402 16:42:05.905" starttime="20150402 16:42:05.905" status="PASS"></status>
</kw>
<kw type="kw" name="${width} = ArgumentParserKeywords.Get Width">
<doc></doc>
<arguments>
</arguments>
<msg level="INFO" timestamp="20150402 16:42:05.905">${width} = 2</msg>
<status endtime="20150402 16:42:05.905" starttime="20150402 16:42:05.905" status="PASS"></status>
</kw>
<kw type="kw" name="BuiltIn.Should Be Equal">
<doc>Fails if the given objects are unequal.</doc>
<arguments>
<arg>${2}</arg>
<arg>${width}</arg>
</arguments>
<msg level="INFO" timestamp="20150402 16:42:05.905">Argument types are:
&lt;type 'int'&gt;
&lt;type 'int'&gt;</msg>
<status endtime="20150402 16:42:05.905" starttime="20150402 16:42:05.905" status="PASS"></status>
</kw>
<kw type="kw" name="${height} = ArgumentParserKeywords.Get Height">
<doc></doc>
<arguments>
</arguments>
<msg level="INFO" timestamp="20150402 16:42:05.921">${height} = 5</msg>
<status endtime="20150402 16:42:05.921" starttime="20150402 16:42:05.921" status="PASS"></status>
</kw>
<kw type="kw" name="BuiltIn.Should Be Equal">
<doc>Fails if the given objects are unequal.</doc>
<arguments>
<arg>${5}</arg>
<arg>${height}</arg>
</arguments>
<msg level="INFO" timestamp="20150402 16:42:05.921">Argument types are:
&lt;type 'int'&gt;
&lt;type 'int'&gt;</msg>
<status endtime="20150402 16:42:05.921" starttime="20150402 16:42:05.921" status="PASS"></status>
</kw>
<kw type="kw" name="${volume} = ArgumentParserKeywords.Get Volume">
<doc></doc>
<arguments>
</arguments>
<msg level="INFO" timestamp="20150402 16:42:05.921">${volume} = 70</msg>
<status endtime="20150402 16:42:05.921" starttime="20150402 16:42:05.921" status="PASS"></status>
</kw>
<kw type="kw" name="BuiltIn.Should Be Equal">
<doc>Fails if the given objects are unequal.</doc>
<arguments>
<arg>${70}</arg>
<arg>${volume}</arg>
</arguments>
<msg level="INFO" timestamp="20150402 16:42:05.921">Argument types are:
&lt;type 'int'&gt;
&lt;type 'int'&gt;</msg>
<status endtime="20150402 16:42:05.921" starttime="20150402 16:42:05.921" status="PASS"></status>
</kw>
<doc></doc>
<tags>
</tags>
<status critical="yes" endtime="20150402 16:42:05.936" starttime="20150402 16:42:05.874" status="PASS"></status>
</test>
<test name="Create List With Flagged Arguments" id="s1-t2">
<kw type="kw" name="${scalar} = BuiltIn.Create List">
<doc>Returns a list containing given items.</doc>
<arguments>
<arg>--Raining</arg>
<arg>32</arg>
<arg>--Cloudy</arg>
</arguments>
<msg level="INFO" timestamp="20150402 16:42:05.936">${scalar} = [u'--Raining', u'32', u'--Cloudy']</msg>
<status endtime="20150402 16:42:05.936" starttime="20150402 16:42:05.936" status="PASS"></status>
</kw>
<kw type="kw" name="ArgumentParserKeywords.Start Program With Flagged Arguments">
<doc></doc>
<arguments>
<arg>${scalar}</arg>
</arguments>
<status endtime="20150402 16:42:05.936" starttime="20150402 16:42:05.936" status="PASS"></status>
</kw>
<kw type="kw" name="${temperature} = ArgumentParserKeywords.Get Temperature">
<doc></doc>
<arguments>
</arguments>
<msg level="INFO" timestamp="20150402 16:42:05.952">${temperature} = 32</msg>
<status endtime="20150402 16:42:05.952" starttime="20150402 16:42:05.936" status="PASS"></status>
</kw>
<kw type="kw" name="BuiltIn.Should Be Equal">
<doc>Fails if the given objects are unequal.</doc>
<arguments>
<arg>${32}</arg>
<arg>${temperature}</arg>
</arguments>
<msg level="INFO" timestamp="20150402 16:42:05.952">Argument types are:
&lt;type 'int'&gt;
&lt;type 'int'&gt;</msg>
<status endtime="20150402 16:42:05.952" starttime="20150402 16:42:05.952" status="PASS"></status>
</kw>
<kw type="kw" name="${rain} = ArgumentParserKeywords.Get Flag Value Of Raining">
<doc></doc>
<arguments>
</arguments>
<msg level="INFO" timestamp="20150402 16:42:05.952">${rain} = True</msg>
<status endtime="20150402 16:42:05.952" starttime="20150402 16:42:05.952" status="PASS"></status>
</kw>
<kw type="kw" name="BuiltIn.Should Be Equal">
<doc>Fails if the given objects are unequal.</doc>
<arguments>
<arg>${true}</arg>
<arg>${rain}</arg>
</arguments>
<msg level="INFO" timestamp="20150402 16:42:05.952">Argument types are:
&lt;type 'bool'&gt;
&lt;type 'bool'&gt;</msg>
<status endtime="20150402 16:42:05.952" starttime="20150402 16:42:05.952" status="PASS"></status>
</kw>
<kw type="kw" name="${cloud} = ArgumentParserKeywords.Get Flag Value Of Cloudy">
<doc></doc>
<arguments>
</arguments>
<msg level="INFO" timestamp="20150402 16:42:05.952">${cloud} = True</msg>
<status endtime="20150402 16:42:05.952" starttime="20150402 16:42:05.952" status="PASS"></status>
</kw>
<kw type="kw" name="BuiltIn.Should Be Equal">
<doc>Fails if the given objects are unequal.</doc>
<arguments>
<arg>${true}</arg>
<arg>${cloud}</arg>
</arguments>
<msg level="INFO" timestamp="20150402 16:42:05.952">Argument types are:
&lt;type 'bool'&gt;
&lt;type 'bool'&gt;</msg>
<status endtime="20150402 16:42:05.952" starttime="20150402 16:42:05.952" status="PASS"></status>
</kw>
<doc></doc>
<tags>
</tags>
<status critical="yes" endtime="20150402 16:42:05.952" starttime="20150402 16:42:05.936" status="PASS"></status>
</test>
<test name="Create List With Red Shape With Volume 36" id="s1-t3">
<kw type="kw" name="${scalar} = BuiltIn.Create List">
<doc>Returns a list containing given items.</doc>
<arguments>
<arg>--Color</arg>
<arg>red</arg>
<arg>6</arg>
<arg>2</arg>
<arg>3</arg>
</arguments>
<msg level="INFO" timestamp="20150402 16:42:05.967">${scalar} = [u'--Color', u'red', u'6', u'2', u'3']</msg>
<status endtime="20150402 16:42:05.967" starttime="20150402 16:42:05.967" status="PASS"></status>
</kw>
<kw type="kw" name="ArgumentParserKeywords.Start Program With Optional Arguments">
<doc></doc>
<arguments>
<arg>${scalar}</arg>
</arguments>
<status endtime="20150402 16:42:05.967" starttime="20150402 16:42:05.967" status="PASS"></status>
</kw>
<kw type="kw" name="${color} = ArgumentParserKeywords.Get Color">
<doc></doc>
<arguments>
</arguments>
<msg level="INFO" timestamp="20150402 16:42:05.967">${color} = red</msg>
<status endtime="20150402 16:42:05.967" starttime="20150402 16:42:05.967" status="PASS"></status>
</kw>
<kw type="kw" name="BuiltIn.Should Be Equal">
<doc>Fails if the given objects are unequal.</doc>
<arguments>
<arg>red</arg>
<arg>${color}</arg>
</arguments>
<msg level="INFO" timestamp="20150402 16:42:05.967">Argument types are:
&lt;type 'unicode'&gt;
&lt;type 'unicode'&gt;</msg>
<status endtime="20150402 16:42:05.967" starttime="20150402 16:42:05.967" status="PASS"></status>
</kw>
<kw type="kw" name="${length} = ArgumentParserKeywords.Get Length Of">
<doc></doc>
<arguments>
</arguments>
<msg level="INFO" timestamp="20150402 16:42:05.983">${length} = 6</msg>
<status endtime="20150402 16:42:05.983" starttime="20150402 16:42:05.967" status="PASS"></status>
</kw>
<kw type="kw" name="BuiltIn.Should Be Equal">
<doc>Fails if the given objects are unequal.</doc>
<arguments>
<arg>${6}</arg>
<arg>${length}</arg>
</arguments>
<msg level="INFO" timestamp="20150402 16:42:05.983">Argument types are:
&lt;type 'int'&gt;
&lt;type 'int'&gt;</msg>
<status endtime="20150402 16:42:05.983" starttime="20150402 16:42:05.983" status="PASS"></status>
</kw>
<kw type="kw" name="${width} = ArgumentParserKeywords.Get Width">
<doc></doc>
<arguments>
</arguments>
<msg level="INFO" timestamp="20150402 16:42:05.983">${width} = 2</msg>
<status endtime="20150402 16:42:05.983" starttime="20150402 16:42:05.983" status="PASS"></status>
</kw>
<kw type="kw" name="BuiltIn.Should Be Equal">
<doc>Fails if the given objects are unequal.</doc>
<arguments>
<arg>${2}</arg>
<arg>${width}</arg>
</arguments>
<msg level="INFO" timestamp="20150402 16:42:05.983">Argument types are:
&lt;type 'int'&gt;
&lt;type 'int'&gt;</msg>
<status endtime="20150402 16:42:05.983" starttime="20150402 16:42:05.983" status="PASS"></status>
</kw>
<kw type="kw" name="${height} = ArgumentParserKeywords.Get Height">
<doc></doc>
<arguments>
</arguments>
<msg level="INFO" timestamp="20150402 16:42:05.983">${height} = 3</msg>
<status endtime="20150402 16:42:05.983" starttime="20150402 16:42:05.983" status="PASS"></status>
</kw>
<kw type="kw" name="BuiltIn.Should Be Equal">
<doc>Fails if the given objects are unequal.</doc>
<arguments>
<arg>${3}</arg>
<arg>${height}</arg>
</arguments>
<msg level="INFO" timestamp="20150402 16:42:05.999">Argument types are:
&lt;type 'int'&gt;
&lt;type 'int'&gt;</msg>
<status endtime="20150402 16:42:05.999" starttime="20150402 16:42:05.999" status="PASS"></status>
</kw>
<kw type="kw" name="${volume} = ArgumentParserKeywords.Get Volume">
<doc></doc>
<arguments>
</arguments>
<msg level="INFO" timestamp="20150402 16:42:05.999">${volume} = 36</msg>
<status endtime="20150402 16:42:05.999" starttime="20150402 16:42:05.999" status="PASS"></status>
</kw>
<kw type="kw" name="BuiltIn.Should Be Equal">
<doc>Fails if the given objects are unequal.</doc>
<arguments>
<arg>${36}</arg>
<arg>${volume}</arg>
</arguments>
<msg level="INFO" timestamp="20150402 16:42:05.999">Argument types are:
&lt;type 'int'&gt;
&lt;type 'int'&gt;</msg>
<status endtime="20150402 16:42:05.999" starttime="20150402 16:42:05.999" status="PASS"></status>
</kw>
<doc></doc>
<tags>
</tags>
<status critical="yes" endtime="20150402 16:42:05.999" starttime="20150402 16:42:05.952" status="PASS"></status>
</test>
<test name="Create List With blue Shape With Volume 10 using shorthand arguments" id="s1-t4">
<kw type="kw" name="${scalar} = BuiltIn.Create List">
<doc>Returns a list containing given items.</doc>
<arguments>
<arg>-C</arg>
<arg>blue</arg>
<arg>2</arg>
<arg>1</arg>
<arg>5</arg>
</arguments>
<msg level="INFO" timestamp="20150402 16:42:06.014">${scalar} = [u'-C', u'blue', u'2', u'1', u'5']</msg>
<status endtime="20150402 16:42:06.014" starttime="20150402 16:42:06.014" status="PASS"></status>
</kw>
<kw type="kw" name="ArgumentParserKeywords.Start Program With Optional Arguments">
<doc></doc>
<arguments>
<arg>${scalar}</arg>
</arguments>
<status endtime="20150402 16:42:06.014" starttime="20150402 16:42:06.014" status="PASS"></status>
</kw>
<kw type="kw" name="${color} = ArgumentParserKeywords.Get Color">
<doc></doc>
<arguments>
</arguments>
<msg level="INFO" timestamp="20150402 16:42:06.014">${color} = blue</msg>
<status endtime="20150402 16:42:06.014" starttime="20150402 16:42:06.014" status="PASS"></status>
</kw>
<kw type="kw" name="BuiltIn.Should Be Equal">
<doc>Fails if the given objects are unequal.</doc>
<arguments>
<arg>blue</arg>
<arg>${color}</arg>
</arguments>
<msg level="INFO" timestamp="20150402 16:42:06.014">Argument types are:
&lt;type 'unicode'&gt;
&lt;type 'unicode'&gt;</msg>
<status endtime="20150402 16:42:06.014" starttime="20150402 16:42:06.014" status="PASS"></status>
</kw>
<kw type="kw" name="${length} = ArgumentParserKeywords.Get Length Of">
<doc></doc>
<arguments>
</arguments>
<msg level="INFO" timestamp="20150402 16:42:06.014">${length} = 2</msg>
<status endtime="20150402 16:42:06.014" starttime="20150402 16:42:06.014" status="PASS"></status>
</kw>
<kw type="kw" name="BuiltIn.Should Be Equal">
<doc>Fails if the given objects are unequal.</doc>
<arguments>
<arg>${2}</arg>
<arg>${length}</arg>
</arguments>
<msg level="INFO" timestamp="20150402 16:42:06.030">Argument types are:
&lt;type 'int'&gt;
&lt;type 'int'&gt;</msg>
<status endtime="20150402 16:42:06.030" starttime="20150402 16:42:06.014" status="PASS"></status>
</kw>
<kw type="kw" name="${width} = ArgumentParserKeywords.Get Width">
<doc></doc>
<arguments>
</arguments>
<msg level="INFO" timestamp="20150402 16:42:06.030">${width} = 1</msg>
<status endtime="20150402 16:42:06.030" starttime="20150402 16:42:06.030" status="PASS"></status>
</kw>
<kw type="kw" name="BuiltIn.Should Be Equal">
<doc>Fails if the given objects are unequal.</doc>
<arguments>
<arg>${1}</arg>
<arg>${width}</arg>
</arguments>
<msg level="INFO" timestamp="20150402 16:42:06.030">Argument types are:
&lt;type 'int'&gt;
&lt;type 'int'&gt;</msg>
<status endtime="20150402 16:42:06.030" starttime="20150402 16:42:06.030" status="PASS"></status>
</kw>
<kw type="kw" name="${height} = ArgumentParserKeywords.Get Height">
<doc></doc>
<arguments>
</arguments>
<msg level="INFO" timestamp="20150402 16:42:06.030">${height} = 5</msg>
<status endtime="20150402 16:42:06.030" starttime="20150402 16:42:06.030" status="PASS"></status>
</kw>
<kw type="kw" name="BuiltIn.Should Be Equal">
<doc>Fails if the given objects are unequal.</doc>
<arguments>
<arg>${5}</arg>
<arg>${height}</arg>
</arguments>
<msg level="INFO" timestamp="20150402 16:42:06.030">Argument types are:
&lt;type 'int'&gt;
&lt;type 'int'&gt;</msg>
<status endtime="20150402 16:42:06.030" starttime="20150402 16:42:06.030" status="PASS"></status>
</kw>
<kw type="kw" name="${volume} = ArgumentParserKeywords.Get Volume">
<doc></doc>
<arguments>
</arguments>
<msg level="INFO" timestamp="20150402 16:42:06.030">${volume} = 10</msg>
<status endtime="20150402 16:42:06.030" starttime="20150402 16:42:06.030" status="PASS"></status>
</kw>
<kw type="kw" name="BuiltIn.Should Be Equal">
<doc>Fails if the given objects are unequal.</doc>
<arguments>
<arg>${10}</arg>
<arg>${volume}</arg>
</arguments>
<msg level="INFO" timestamp="20150402 16:42:06.046">Argument types are:
&lt;type 'int'&gt;
&lt;type 'int'&gt;</msg>
<status endtime="20150402 16:42:06.046" starttime="20150402 16:42:06.030" status="PASS"></status>
</kw>
<doc></doc>
<tags>
</tags>
<status critical="yes" endtime="20150402 16:42:06.046" starttime="20150402 16:42:05.999" status="PASS"></status>
</test>
<doc></doc>
<metadata>
</metadata>
<status endtime="20150402 16:42:06.046" starttime="20150402 16:42:05.577" status="PASS"></status>
</suite>
<statistics>
<total>
<stat pass="4" fail="0">Critical Tests</stat>
<stat pass="4" fail="0">All Tests</stat>
</total>
<tag>
</tag>
<suite>
<stat pass="4" fail="0" name="ArgumentParserTests" id="s1">ArgumentParserTests</stat>
</suite>
</statistics>
<errors>
</errors>
</robot>
