<?xml version="1.0" encoding="UTF-8"?>
<robot generator="Robot 2.8.5 (Jython 2.5.3 on java1.8.0_40)" generated="20150415 01:53:44.069">
<suite source="C:\Users\adami_000\Documents\GitHub\spring-semester-project\acceptance\ArgumentParserTests.txt" name="ArgumentParserTests" id="s1">
<test name="Create Shape With Volume 70" id="s1-t1">
<kw type="kw" name="${scalar} = BuiltIn.Create List">
<doc>Returns a list containing given items.</doc>
<arguments>
<arg>7</arg>
<arg>2</arg>
<arg>5</arg>
</arguments>
<msg level="INFO" timestamp="20150415 01:53:44.413">${scalar} = [u'7', u'2', u'5']</msg>
<status endtime="20150415 01:53:44.413" starttime="20150415 01:53:44.413" status="PASS"></status>
</kw>
<kw type="kw" name="ArgumentParserKeywords.Start Program With Arguments">
<doc></doc>
<arguments>
<arg>${scalar}</arg>
</arguments>
<status endtime="20150415 01:53:44.429" starttime="20150415 01:53:44.429" status="PASS"></status>
</kw>
<kw type="kw" name="${length} = ArgumentParserKeywords.Get Length Of">
<doc></doc>
<arguments>
</arguments>
<msg level="INFO" timestamp="20150415 01:53:44.429">${length} = 7</msg>
<status endtime="20150415 01:53:44.429" starttime="20150415 01:53:44.429" status="PASS"></status>
</kw>
<kw type="kw" name="BuiltIn.Should Be Equal">
<doc>Fails if the given objects are unequal.</doc>
<arguments>
<arg>${7}</arg>
<arg>${length}</arg>
</arguments>
<msg level="INFO" timestamp="20150415 01:53:44.444">Argument types are:
&lt;type 'int'&gt;
&lt;type 'int'&gt;</msg>
<status endtime="20150415 01:53:44.444" starttime="20150415 01:53:44.444" status="PASS"></status>
</kw>
<kw type="kw" name="${width} = ArgumentParserKeywords.Get Width">
<doc></doc>
<arguments>
</arguments>
<msg level="INFO" timestamp="20150415 01:53:44.444">${width} = 2</msg>
<status endtime="20150415 01:53:44.444" starttime="20150415 01:53:44.444" status="PASS"></status>
</kw>
<kw type="kw" name="BuiltIn.Should Be Equal">
<doc>Fails if the given objects are unequal.</doc>
<arguments>
<arg>${2}</arg>
<arg>${width}</arg>
</arguments>
<msg level="INFO" timestamp="20150415 01:53:44.444">Argument types are:
&lt;type 'int'&gt;
&lt;type 'int'&gt;</msg>
<status endtime="20150415 01:53:44.444" starttime="20150415 01:53:44.444" status="PASS"></status>
</kw>
<kw type="kw" name="${height} = ArgumentParserKeywords.Get Height">
<doc></doc>
<arguments>
</arguments>
<msg level="INFO" timestamp="20150415 01:53:44.444">${height} = 5</msg>
<status endtime="20150415 01:53:44.444" starttime="20150415 01:53:44.444" status="PASS"></status>
</kw>
<kw type="kw" name="BuiltIn.Should Be Equal">
<doc>Fails if the given objects are unequal.</doc>
<arguments>
<arg>${5}</arg>
<arg>${height}</arg>
</arguments>
<msg level="INFO" timestamp="20150415 01:53:44.460">Argument types are:
&lt;type 'int'&gt;
&lt;type 'int'&gt;</msg>
<status endtime="20150415 01:53:44.460" starttime="20150415 01:53:44.460" status="PASS"></status>
</kw>
<kw type="kw" name="${volume} = ArgumentParserKeywords.Get Volume">
<doc></doc>
<arguments>
</arguments>
<msg level="INFO" timestamp="20150415 01:53:44.460">${volume} = 70</msg>
<status endtime="20150415 01:53:44.460" starttime="20150415 01:53:44.460" status="PASS"></status>
</kw>
<kw type="kw" name="BuiltIn.Should Be Equal">
<doc>Fails if the given objects are unequal.</doc>
<arguments>
<arg>${70}</arg>
<arg>${volume}</arg>
</arguments>
<msg level="INFO" timestamp="20150415 01:53:44.460">Argument types are:
&lt;type 'int'&gt;
&lt;type 'int'&gt;</msg>
<status endtime="20150415 01:53:44.476" starttime="20150415 01:53:44.460" status="PASS"></status>
</kw>
<doc></doc>
<tags>
</tags>
<status critical="yes" endtime="20150415 01:53:44.476" starttime="20150415 01:53:44.413" status="PASS"></status>
</test>
<test name="Create List With Flagged Arguments" id="s1-t2">
<kw type="kw" name="${scalar} = BuiltIn.Create List">
<doc>Returns a list containing given items.</doc>
<arguments>
<arg>--Raining</arg>
<arg>32</arg>
<arg>--Cloudy</arg>
</arguments>
<msg level="INFO" timestamp="20150415 01:53:44.476">${scalar} = [u'--Raining', u'32', u'--Cloudy']</msg>
<status endtime="20150415 01:53:44.476" starttime="20150415 01:53:44.476" status="PASS"></status>
</kw>
<kw type="kw" name="ArgumentParserKeywords.Start Program With Flagged Arguments">
<doc></doc>
<arguments>
<arg>${scalar}</arg>
</arguments>
<status endtime="20150415 01:53:44.491" starttime="20150415 01:53:44.491" status="PASS"></status>
</kw>
<kw type="kw" name="${temperature} = ArgumentParserKeywords.Get Temperature">
<doc></doc>
<arguments>
</arguments>
<msg level="INFO" timestamp="20150415 01:53:44.491">${temperature} = 32</msg>
<status endtime="20150415 01:53:44.491" starttime="20150415 01:53:44.491" status="PASS"></status>
</kw>
<kw type="kw" name="BuiltIn.Should Be Equal">
<doc>Fails if the given objects are unequal.</doc>
<arguments>
<arg>${32}</arg>
<arg>${temperature}</arg>
</arguments>
<msg level="INFO" timestamp="20150415 01:53:44.491">Argument types are:
&lt;type 'int'&gt;
&lt;type 'int'&gt;</msg>
<status endtime="20150415 01:53:44.491" starttime="20150415 01:53:44.491" status="PASS"></status>
</kw>
<kw type="kw" name="${rain} = ArgumentParserKeywords.Get Flag Value Of Raining">
<doc></doc>
<arguments>
</arguments>
<msg level="INFO" timestamp="20150415 01:53:44.507">${rain} = True</msg>
<status endtime="20150415 01:53:44.507" starttime="20150415 01:53:44.507" status="PASS"></status>
</kw>
<kw type="kw" name="BuiltIn.Should Be Equal">
<doc>Fails if the given objects are unequal.</doc>
<arguments>
<arg>${true}</arg>
<arg>${rain}</arg>
</arguments>
<msg level="INFO" timestamp="20150415 01:53:44.507">Argument types are:
&lt;type 'bool'&gt;
&lt;type 'bool'&gt;</msg>
<status endtime="20150415 01:53:44.507" starttime="20150415 01:53:44.507" status="PASS"></status>
</kw>
<kw type="kw" name="${cloud} = ArgumentParserKeywords.Get Flag Value Of Cloudy">
<doc></doc>
<arguments>
</arguments>
<msg level="INFO" timestamp="20150415 01:53:44.507">${cloud} = True</msg>
<status endtime="20150415 01:53:44.507" starttime="20150415 01:53:44.507" status="PASS"></status>
</kw>
<kw type="kw" name="BuiltIn.Should Be Equal">
<doc>Fails if the given objects are unequal.</doc>
<arguments>
<arg>${true}</arg>
<arg>${cloud}</arg>
</arguments>
<msg level="INFO" timestamp="20150415 01:53:44.522">Argument types are:
&lt;type 'bool'&gt;
&lt;type 'bool'&gt;</msg>
<status endtime="20150415 01:53:44.522" starttime="20150415 01:53:44.507" status="PASS"></status>
</kw>
<doc></doc>
<tags>
</tags>
<status critical="yes" endtime="20150415 01:53:44.522" starttime="20150415 01:53:44.476" status="PASS"></status>
</test>
<test name="Create List With Red Shape With Volume 36" id="s1-t3">
<kw type="kw" name="${scalar} = BuiltIn.Create List">
<doc>Returns a list containing given items.</doc>
<arguments>
<arg>--Color</arg>
<arg>red</arg>
<arg>6</arg>
<arg>2</arg>
<arg>3</arg>
</arguments>
<msg level="INFO" timestamp="20150415 01:53:44.522">${scalar} = [u'--Color', u'red', u'6', u'2', u'3']</msg>
<status endtime="20150415 01:53:44.522" starttime="20150415 01:53:44.522" status="PASS"></status>
</kw>
<kw type="kw" name="ArgumentParserKeywords.Start Program With Optional Arguments">
<doc></doc>
<arguments>
<arg>${scalar}</arg>
</arguments>
<status endtime="20150415 01:53:44.522" starttime="20150415 01:53:44.522" status="PASS"></status>
</kw>
<kw type="kw" name="${color} = ArgumentParserKeywords.Get Color">
<doc></doc>
<arguments>
</arguments>
<msg level="INFO" timestamp="20150415 01:53:44.538">${color} = red</msg>
<status endtime="20150415 01:53:44.538" starttime="20150415 01:53:44.538" status="PASS"></status>
</kw>
<kw type="kw" name="BuiltIn.Should Be Equal">
<doc>Fails if the given objects are unequal.</doc>
<arguments>
<arg>red</arg>
<arg>${color}</arg>
</arguments>
<msg level="INFO" timestamp="20150415 01:53:44.538">Argument types are:
&lt;type 'unicode'&gt;
&lt;type 'unicode'&gt;</msg>
<status endtime="20150415 01:53:44.538" starttime="20150415 01:53:44.538" status="PASS"></status>
</kw>
<kw type="kw" name="${length} = ArgumentParserKeywords.Get Length Of">
<doc></doc>
<arguments>
</arguments>
<msg level="INFO" timestamp="20150415 01:53:44.601">${length} = 6</msg>
<status endtime="20150415 01:53:44.601" starttime="20150415 01:53:44.585" status="PASS"></status>
</kw>
<kw type="kw" name="BuiltIn.Should Be Equal">
<doc>Fails if the given objects are unequal.</doc>
<arguments>
<arg>${6}</arg>
<arg>${length}</arg>
</arguments>
<msg level="INFO" timestamp="20150415 01:53:44.601">Argument types are:
&lt;type 'int'&gt;
&lt;type 'int'&gt;</msg>
<status endtime="20150415 01:53:44.601" starttime="20150415 01:53:44.601" status="PASS"></status>
</kw>
<kw type="kw" name="${width} = ArgumentParserKeywords.Get Width">
<doc></doc>
<arguments>
</arguments>
<msg level="INFO" timestamp="20150415 01:53:44.601">${width} = 2</msg>
<status endtime="20150415 01:53:44.601" starttime="20150415 01:53:44.601" status="PASS"></status>
</kw>
<kw type="kw" name="BuiltIn.Should Be Equal">
<doc>Fails if the given objects are unequal.</doc>
<arguments>
<arg>${2}</arg>
<arg>${width}</arg>
</arguments>
<msg level="INFO" timestamp="20150415 01:53:44.601">Argument types are:
&lt;type 'int'&gt;
&lt;type 'int'&gt;</msg>
<status endtime="20150415 01:53:44.601" starttime="20150415 01:53:44.601" status="PASS"></status>
</kw>
<kw type="kw" name="${height} = ArgumentParserKeywords.Get Height">
<doc></doc>
<arguments>
</arguments>
<msg level="INFO" timestamp="20150415 01:53:44.601">${height} = 3</msg>
<status endtime="20150415 01:53:44.601" starttime="20150415 01:53:44.601" status="PASS"></status>
</kw>
<kw type="kw" name="BuiltIn.Should Be Equal">
<doc>Fails if the given objects are unequal.</doc>
<arguments>
<arg>${3}</arg>
<arg>${height}</arg>
</arguments>
<msg level="INFO" timestamp="20150415 01:53:44.601">Argument types are:
&lt;type 'int'&gt;
&lt;type 'int'&gt;</msg>
<status endtime="20150415 01:53:44.601" starttime="20150415 01:53:44.601" status="PASS"></status>
</kw>
<kw type="kw" name="${volume} = ArgumentParserKeywords.Get Volume">
<doc></doc>
<arguments>
</arguments>
<msg level="INFO" timestamp="20150415 01:53:44.616">${volume} = 36</msg>
<status endtime="20150415 01:53:44.616" starttime="20150415 01:53:44.616" status="PASS"></status>
</kw>
<kw type="kw" name="BuiltIn.Should Be Equal">
<doc>Fails if the given objects are unequal.</doc>
<arguments>
<arg>${36}</arg>
<arg>${volume}</arg>
</arguments>
<msg level="INFO" timestamp="20150415 01:53:44.616">Argument types are:
&lt;type 'int'&gt;
&lt;type 'int'&gt;</msg>
<status endtime="20150415 01:53:44.616" starttime="20150415 01:53:44.616" status="PASS"></status>
</kw>
<doc></doc>
<tags>
</tags>
<status critical="yes" endtime="20150415 01:53:44.616" starttime="20150415 01:53:44.522" status="PASS"></status>
</test>
<test name="Create List With Blue Shape With Volume 10 Using Shorthand Arguments" id="s1-t4">
<kw type="kw" name="${scalar} = BuiltIn.Create List">
<doc>Returns a list containing given items.</doc>
<arguments>
<arg>-C</arg>
<arg>blue</arg>
<arg>2</arg>
<arg>1</arg>
<arg>5</arg>
</arguments>
<msg level="INFO" timestamp="20150415 01:53:44.616">${scalar} = [u'-C', u'blue', u'2', u'1', u'5']</msg>
<status endtime="20150415 01:53:44.616" starttime="20150415 01:53:44.616" status="PASS"></status>
</kw>
<kw type="kw" name="ArgumentParserKeywords.Start Program With Optional Arguments">
<doc></doc>
<arguments>
<arg>${scalar}</arg>
</arguments>
<status endtime="20150415 01:53:44.616" starttime="20150415 01:53:44.616" status="PASS"></status>
</kw>
<kw type="kw" name="${color} = ArgumentParserKeywords.Get Color">
<doc></doc>
<arguments>
</arguments>
<msg level="INFO" timestamp="20150415 01:53:44.632">${color} = blue</msg>
<status endtime="20150415 01:53:44.632" starttime="20150415 01:53:44.616" status="PASS"></status>
</kw>
<kw type="kw" name="BuiltIn.Should Be Equal">
<doc>Fails if the given objects are unequal.</doc>
<arguments>
<arg>blue</arg>
<arg>${color}</arg>
</arguments>
<msg level="INFO" timestamp="20150415 01:53:44.632">Argument types are:
&lt;type 'unicode'&gt;
&lt;type 'unicode'&gt;</msg>
<status endtime="20150415 01:53:44.632" starttime="20150415 01:53:44.632" status="PASS"></status>
</kw>
<kw type="kw" name="${length} = ArgumentParserKeywords.Get Length Of">
<doc></doc>
<arguments>
</arguments>
<msg level="INFO" timestamp="20150415 01:53:44.632">${length} = 2</msg>
<status endtime="20150415 01:53:44.632" starttime="20150415 01:53:44.632" status="PASS"></status>
</kw>
<kw type="kw" name="BuiltIn.Should Be Equal">
<doc>Fails if the given objects are unequal.</doc>
<arguments>
<arg>${2}</arg>
<arg>${length}</arg>
</arguments>
<msg level="INFO" timestamp="20150415 01:53:44.632">Argument types are:
&lt;type 'int'&gt;
&lt;type 'int'&gt;</msg>
<status endtime="20150415 01:53:44.632" starttime="20150415 01:53:44.632" status="PASS"></status>
</kw>
<kw type="kw" name="${width} = ArgumentParserKeywords.Get Width">
<doc></doc>
<arguments>
</arguments>
<msg level="INFO" timestamp="20150415 01:53:44.632">${width} = 1</msg>
<status endtime="20150415 01:53:44.632" starttime="20150415 01:53:44.632" status="PASS"></status>
</kw>
<kw type="kw" name="BuiltIn.Should Be Equal">
<doc>Fails if the given objects are unequal.</doc>
<arguments>
<arg>${1}</arg>
<arg>${width}</arg>
</arguments>
<msg level="INFO" timestamp="20150415 01:53:44.632">Argument types are:
&lt;type 'int'&gt;
&lt;type 'int'&gt;</msg>
<status endtime="20150415 01:53:44.632" starttime="20150415 01:53:44.632" status="PASS"></status>
</kw>
<kw type="kw" name="${height} = ArgumentParserKeywords.Get Height">
<doc></doc>
<arguments>
</arguments>
<msg level="INFO" timestamp="20150415 01:53:44.647">${height} = 5</msg>
<status endtime="20150415 01:53:44.647" starttime="20150415 01:53:44.647" status="PASS"></status>
</kw>
<kw type="kw" name="BuiltIn.Should Be Equal">
<doc>Fails if the given objects are unequal.</doc>
<arguments>
<arg>${5}</arg>
<arg>${height}</arg>
</arguments>
<msg level="INFO" timestamp="20150415 01:53:44.647">Argument types are:
&lt;type 'int'&gt;
&lt;type 'int'&gt;</msg>
<status endtime="20150415 01:53:44.647" starttime="20150415 01:53:44.647" status="PASS"></status>
</kw>
<kw type="kw" name="${volume} = ArgumentParserKeywords.Get Volume">
<doc></doc>
<arguments>
</arguments>
<msg level="INFO" timestamp="20150415 01:53:44.647">${volume} = 10</msg>
<status endtime="20150415 01:53:44.647" starttime="20150415 01:53:44.647" status="PASS"></status>
</kw>
<kw type="kw" name="BuiltIn.Should Be Equal">
<doc>Fails if the given objects are unequal.</doc>
<arguments>
<arg>${10}</arg>
<arg>${volume}</arg>
</arguments>
<msg level="INFO" timestamp="20150415 01:53:44.647">Argument types are:
&lt;type 'int'&gt;
&lt;type 'int'&gt;</msg>
<status endtime="20150415 01:53:44.647" starttime="20150415 01:53:44.647" status="PASS"></status>
</kw>
<doc></doc>
<tags>
</tags>
<status critical="yes" endtime="20150415 01:53:44.647" starttime="20150415 01:53:44.616" status="PASS"></status>
</test>
<doc></doc>
<metadata>
</metadata>
<status endtime="20150415 01:53:44.647" starttime="20150415 01:53:44.069" status="PASS"></status>
</suite>
<statistics>
<total>
<stat pass="4" fail="0">Critical Tests</stat>
<stat pass="4" fail="0">All Tests</stat>
</total>
<tag>
</tag>
<suite>
<stat pass="4" fail="0" name="ArgumentParserTests" id="s1">ArgumentParserTests</stat>
</suite>
</statistics>
<errors>
</errors>
</robot>
